<?xml version="1.0" encoding="UTF-8"?>
<!-- Generated by org.testng.reporters.JUnitXMLReporter -->
<testsuite hostname="Eswarans-MacBook-Pro.local" ignored="0" name="Test1" tests="1" failures="1" timestamp="2022-03-10T23:23:03 EST" time="30.334" errors="0">
  <testcase name="scrapeData" time="30.316" classname="test.ScrapingPostmanTest">
    <failure type="org.openqa.selenium.ElementClickInterceptedException" message="element click intercepted: Element &amp;lt;a id=&amp;quot;job_717788dacc67611a&amp;quot; data-mobtk=&amp;quot;1ftrjd8iahap0800&amp;quot; data-jk=&amp;quot;717788dacc67611a&amp;quot; data-hiring-event=&amp;quot;false&amp;quot; target=&amp;quot;_blank&amp;quot; data-hide-spinner=&amp;quot;true&amp;quot; rel=&amp;quot;nofollow&amp;quot; class=&amp;quot;tapItem fs-unmask result job_717788dacc67611a resultWithShelf sponTapItem desktop&amp;quot; href=&amp;quot;/rc/clk?jk=717788dacc67611a&amp;amp;amp;fccid=7f5a458593a55f94&amp;amp;amp;vjs=3&amp;quot;&amp;gt;...&amp;lt;/a&amp;gt; is not clickable at point (406, 681). Other element would receive the click: &amp;lt;div class=&amp;quot;icl-Modal-overlay&amp;quot; role=&amp;quot;button&amp;quot; tabindex=&amp;quot;-1&amp;quot; aria-label=&amp;quot;Close&amp;quot; aria-hidden=&amp;quot;true&amp;quot;&amp;gt;&amp;lt;/div&amp;gt;
  (Session info: chrome=99.0.4844.51)
Build info: version: &amp;apos;4.0.0&amp;apos;, revision: &amp;apos;3a21814679&amp;apos;
System info: host: &amp;apos;Eswarans-MacBook-Pro.local&amp;apos;, ip: &amp;apos;fe80:0:0:0:44f:ce26:b85:6d6b%en0&amp;apos;, os.name: &amp;apos;Mac OS X&amp;apos;, os.arch: &amp;apos;x86_64&amp;apos;, os.version: &amp;apos;10.16&amp;apos;, java.version: &amp;apos;1.8.0_131&amp;apos;
Driver info: org.openqa.selenium.chrome.ChromeDriver
Command: [f5badf2f3b30d7e29cdf74cf7dbe3810, clickElement {id=543a70b3-aa26-4d6d-b5a1-14a5fa0b4616}]
Capabilities {acceptInsecureCerts: false, browserName: chrome, browserVersion: 99.0.4844.51, chrome: {chromedriverVersion: 98.0.4758.80 (7f0488e8ba0d8..., userDataDir: /var/folders/13/ns8yrbgj7gn...}, goog:chromeOptions: {debuggerAddress: localhost:64202}, javascriptEnabled: true, networkConnectionEnabled: false, pageLoadStrategy: normal, platform: MAC, platformName: MAC, proxy: Proxy(), se:cdp: ws://localhost:64202/devtoo..., se:cdpVersion: 99.0.4844.51, setWindowRect: true, strictFileInteractability: false, timeouts: {implicit: 0, pageLoad: 300000, script: 30000}, unhandledPromptBehavior: dismiss and notify, webauthn:extension:credBlob: true, webauthn:extension:largeBlob: true, webauthn:virtualAuthenticators: true}
Element: [[ChromeDriver: chrome on MAC (f5badf2f3b30d7e29cdf74cf7dbe3810)] -&amp;gt; xpath: //div[@id=&amp;apos;mosaic-provider-jobcards&amp;apos;]/a]
Session ID: f5badf2f3b30d7e29cdf74cf7dbe3810">
      <![CDATA[org.openqa.selenium.ElementClickInterceptedException: element click intercepted: Element <a id="job_717788dacc67611a" data-mobtk="1ftrjd8iahap0800" data-jk="717788dacc67611a" data-hiring-event="false" target="_blank" data-hide-spinner="true" rel="nofollow" class="tapItem fs-unmask result job_717788dacc67611a resultWithShelf sponTapItem desktop" href="/rc/clk?jk=717788dacc67611a&amp;fccid=7f5a458593a55f94&amp;vjs=3">...</a> is not clickable at point (406, 681). Other element would receive the click: <div class="icl-Modal-overlay" role="button" tabindex="-1" aria-label="Close" aria-hidden="true"></div>
  (Session info: chrome=99.0.4844.51)
Build info: version: '4.0.0', revision: '3a21814679'
System info: host: 'Eswarans-MacBook-Pro.local', ip: 'fe80:0:0:0:44f:ce26:b85:6d6b%en0', os.name: 'Mac OS X', os.arch: 'x86_64', os.version: '10.16', java.version: '1.8.0_131'
Driver info: org.openqa.selenium.chrome.ChromeDriver
Command: [f5badf2f3b30d7e29cdf74cf7dbe3810, clickElement {id=543a70b3-aa26-4d6d-b5a1-14a5fa0b4616}]
Capabilities {acceptInsecureCerts: false, browserName: chrome, browserVersion: 99.0.4844.51, chrome: {chromedriverVersion: 98.0.4758.80 (7f0488e8ba0d8..., userDataDir: /var/folders/13/ns8yrbgj7gn...}, goog:chromeOptions: {debuggerAddress: localhost:64202}, javascriptEnabled: true, networkConnectionEnabled: false, pageLoadStrategy: normal, platform: MAC, platformName: MAC, proxy: Proxy(), se:cdp: ws://localhost:64202/devtoo..., se:cdpVersion: 99.0.4844.51, setWindowRect: true, strictFileInteractability: false, timeouts: {implicit: 0, pageLoad: 300000, script: 30000}, unhandledPromptBehavior: dismiss and notify, webauthn:extension:credBlob: true, webauthn:extension:largeBlob: true, webauthn:virtualAuthenticators: true}
Element: [[ChromeDriver: chrome on MAC (f5badf2f3b30d7e29cdf74cf7dbe3810)] -> xpath: //div[@id='mosaic-provider-jobcards']/a]
Session ID: f5badf2f3b30d7e29cdf74cf7dbe3810
at org.openqa.selenium.remote.codec.w3c.W3CHttpResponseCodec.createException(W3CHttpResponseCodec.java:200)
at org.openqa.selenium.remote.codec.w3c.W3CHttpResponseCodec.decode(W3CHttpResponseCodec.java:133)
at org.openqa.selenium.remote.codec.w3c.W3CHttpResponseCodec.decode(W3CHttpResponseCodec.java:53)
at org.openqa.selenium.remote.HttpCommandExecutor.execute(HttpCommandExecutor.java:184)
at org.openqa.selenium.remote.service.DriverCommandExecutor.invokeExecute(DriverCommandExecutor.java:164)
at org.openqa.selenium.remote.service.DriverCommandExecutor.execute(DriverCommandExecutor.java:139)
at org.openqa.selenium.remote.RemoteWebDriver.execute(RemoteWebDriver.java:559)
at org.openqa.selenium.remote.RemoteWebElement.execute(RemoteWebElement.java:251)
at org.openqa.selenium.remote.RemoteWebElement.click(RemoteWebElement.java:77)
at pageobjects.WebScrapingObjects.scrapeAllData(WebScrapingObjects.java:275)
at test.ScrapingPostmanTest.scrapeData(ScrapingPostmanTest.java:59)
at java.util.ArrayList.forEach(ArrayList.java:1249)
... Removed 31 stack frames]]>
    </failure>
  </testcase> <!-- scrapeData -->
</testsuite> <!-- Test1 -->
